<?xml version="1.0" encoding="UTF-8"?>
<!-- Generated by org.testng.reporters.JUnitReportReporter -->
<testsuite skipped="0" hostname="Maruf_Acer" name="qaclickacademy.FindoutPrimeNumber" tests="1" failures="0" timestamp="2021-06-27T20:55:38 IST" time="7.811" errors="0">
  <testcase name="findOutPrime" time="7.811" classname="qaclickacademy.FindoutPrimeNumber"/>
</testsuite> <!-- qaclickacademy.FindoutPrimeNumber -->
