<?xml version="1.0" encoding="UTF-8"?>
<!-- Generated by org.testng.reporters.JUnitReportReporter -->
<testsuite skipped="0" hostname="Maruf_Acer" name="qaclickacademy.ScrollingExample" tests="1" failures="0" timestamp="2021-07-05T08:55:24 IST" time="4.181" errors="0">
  <testcase name="scrollToTest" time="4.181" classname="qaclickacademy.ScrollingExample"/>
</testsuite> <!-- qaclickacademy.ScrollingExample -->
