<?xml version="1.0" encoding="UTF-8"?>
<!-- Generated by org.testng.reporters.JUnitReportReporter -->
<testsuite skipped="0" hostname="Maruf_Acer" name="qaclickacademy.ScreenshotExample" tests="1" failures="0" timestamp="2021-07-06T08:47:26 IST" time="0.390" errors="0">
  <testcase name="Screenshot" time="0.390" classname="qaclickacademy.ScreenshotExample"/>
</testsuite> <!-- qaclickacademy.ScreenshotExample -->
