<?xml version="1.0" encoding="UTF-8"?>
<!-- Generated by org.testng.reporters.JUnitReportReporter -->
<testsuite skipped="2" hostname="Maruf_Acer" name="qaclickacademy.KeyboardAndMouseActions" tests="3" failures="0" timestamp="2021-06-28T01:39:56 IST" time="17.033" errors="0">
  <testcase name="frameSwitching" time="17.033" classname="qaclickacademy.KeyboardAndMouseActions"/>
  <testcase name="basicAuthentication" classname="qaclickacademy.KeyboardAndMouseActions">
    <skipped/>
  </testcase> <!-- basicAuthentication -->
  <testcase name="robotApiTest" classname="qaclickacademy.KeyboardAndMouseActions">
    <skipped/>
  </testcase> <!-- robotApiTest -->
</testsuite> <!-- qaclickacademy.KeyboardAndMouseActions -->
