<?xml version="1.0" encoding="UTF-8"?>
<!-- Generated by org.testng.reporters.JUnitReportReporter -->
<testsuite skipped="0" hostname="Maruf_Acer" name="qaclickacademy.APITest" tests="2" failures="0" timestamp="2019-10-08T11:40:28 IST" time="0.012" errors="0">
  <testcase name="deletetwitter" time="0.012" classname="qaclickacademy.APITest"/>
  <testcase name="postjira" time="0.000" classname="qaclickacademy.APITest"/>
</testsuite> <!-- qaclickacademy.APITest -->
